[INFO  - 2014-10-01T11:15:20.908Z] GhostDriver - Main - running on port 2523
[INFO  - 2014-10-01T11:15:21.256Z] Session [3b87c550-495c-11e4-a5d0-2be560f690bf] - page.settings - {"XSSAuditingEnabled":false,"javascriptCanCloseWindows":true,"javascriptCanOpenWindows":true,"javascriptEnabled":true,"loadImages":true,"localToRemoteUrlAccessEnabled":false,"userAgent":"Mozilla/5.0 (Macintosh; PPC Mac OS X) AppleWebKit/534.34 (KHTML, like Gecko) PhantomJS/1.9.7 Safari/534.34","webSecurityEnabled":true}
[INFO  - 2014-10-01T11:15:21.256Z] Session [3b87c550-495c-11e4-a5d0-2be560f690bf] - page.customHeaders:  - {}
[INFO  - 2014-10-01T11:15:21.256Z] Session [3b87c550-495c-11e4-a5d0-2be560f690bf] - Session.negotiatedCapabilities - {"browserName":"phantomjs","version":"1.9.7","driverName":"ghostdriver","driverVersion":"1.1.0","platform":"mac-unknown-64bit","javascriptEnabled":true,"takesScreenshot":true,"handlesAlerts":false,"databaseEnabled":false,"locationContextEnabled":false,"applicationCacheEnabled":false,"browserConnectionEnabled":false,"cssSelectorsEnabled":true,"webStorageEnabled":false,"rotatable":false,"acceptSslCerts":false,"nativeEvents":true,"proxy":{"proxyType":"direct"}}
[INFO  - 2014-10-01T11:15:21.256Z] SessionManagerReqHand - _postNewSessionCommand - New Session Created: 3b87c550-495c-11e4-a5d0-2be560f690bf
[INFO  - 2014-10-01T11:15:21.859Z] GhostDriver - Main - running on port 27377
[INFO  - 2014-10-01T11:15:22.311Z] Session [3c289930-495c-11e4-a916-470307854fb0] - page.settings - {"XSSAuditingEnabled":false,"javascriptCanCloseWindows":true,"javascriptCanOpenWindows":true,"javascriptEnabled":true,"loadImages":true,"localToRemoteUrlAccessEnabled":false,"userAgent":"Mozilla/5.0 (Macintosh; PPC Mac OS X) AppleWebKit/534.34 (KHTML, like Gecko) PhantomJS/1.9.7 Safari/534.34","webSecurityEnabled":true}
[INFO  - 2014-10-01T11:15:22.311Z] Session [3c289930-495c-11e4-a916-470307854fb0] - page.customHeaders:  - {}
[INFO  - 2014-10-01T11:15:22.311Z] Session [3c289930-495c-11e4-a916-470307854fb0] - Session.negotiatedCapabilities - {"browserName":"phantomjs","version":"1.9.7","driverName":"ghostdriver","driverVersion":"1.1.0","platform":"mac-unknown-64bit","javascriptEnabled":true,"takesScreenshot":true,"handlesAlerts":false,"databaseEnabled":false,"locationContextEnabled":false,"applicationCacheEnabled":false,"browserConnectionEnabled":false,"cssSelectorsEnabled":true,"webStorageEnabled":false,"rotatable":false,"acceptSslCerts":false,"nativeEvents":true,"proxy":{"proxyType":"direct"}}
[INFO  - 2014-10-01T11:15:22.311Z] SessionManagerReqHand - _postNewSessionCommand - New Session Created: 3c289930-495c-11e4-a916-470307854fb0
[INFO  - 2014-10-01T11:18:45.033Z] GhostDriver - Main - running on port 35885
[INFO  - 2014-10-01T11:18:45.494Z] Session [b543dd20-495c-11e4-81dc-b92e46a23df5] - page.settings - {"XSSAuditingEnabled":false,"javascriptCanCloseWindows":true,"javascriptCanOpenWindows":true,"javascriptEnabled":true,"loadImages":true,"localToRemoteUrlAccessEnabled":false,"userAgent":"Mozilla/5.0 (Macintosh; PPC Mac OS X) AppleWebKit/534.34 (KHTML, like Gecko) PhantomJS/1.9.7 Safari/534.34","webSecurityEnabled":true}
[INFO  - 2014-10-01T11:18:45.494Z] Session [b543dd20-495c-11e4-81dc-b92e46a23df5] - page.customHeaders:  - {}
[INFO  - 2014-10-01T11:18:45.494Z] Session [b543dd20-495c-11e4-81dc-b92e46a23df5] - Session.negotiatedCapabilities - {"browserName":"phantomjs","version":"1.9.7","driverName":"ghostdriver","driverVersion":"1.1.0","platform":"mac-unknown-64bit","javascriptEnabled":true,"takesScreenshot":true,"handlesAlerts":false,"databaseEnabled":false,"locationContextEnabled":false,"applicationCacheEnabled":false,"browserConnectionEnabled":false,"cssSelectorsEnabled":true,"webStorageEnabled":false,"rotatable":false,"acceptSslCerts":false,"nativeEvents":true,"proxy":{"proxyType":"direct"}}
[INFO  - 2014-10-01T11:18:45.494Z] SessionManagerReqHand - _postNewSessionCommand - New Session Created: b543dd20-495c-11e4-81dc-b92e46a23df5
[INFO  - 2014-10-01T11:18:46.075Z] GhostDriver - Main - running on port 38591
[INFO  - 2014-10-01T11:18:46.531Z] Session [b5e1f1e0-495c-11e4-a13d-a9c65e46e6d4] - page.settings - {"XSSAuditingEnabled":false,"javascriptCanCloseWindows":true,"javascriptCanOpenWindows":true,"javascriptEnabled":true,"loadImages":true,"localToRemoteUrlAccessEnabled":false,"userAgent":"Mozilla/5.0 (Macintosh; PPC Mac OS X) AppleWebKit/534.34 (KHTML, like Gecko) PhantomJS/1.9.7 Safari/534.34","webSecurityEnabled":true}
[INFO  - 2014-10-01T11:18:46.531Z] Session [b5e1f1e0-495c-11e4-a13d-a9c65e46e6d4] - page.customHeaders:  - {}
[INFO  - 2014-10-01T11:18:46.531Z] Session [b5e1f1e0-495c-11e4-a13d-a9c65e46e6d4] - Session.negotiatedCapabilities - {"browserName":"phantomjs","version":"1.9.7","driverName":"ghostdriver","driverVersion":"1.1.0","platform":"mac-unknown-64bit","javascriptEnabled":true,"takesScreenshot":true,"handlesAlerts":false,"databaseEnabled":false,"locationContextEnabled":false,"applicationCacheEnabled":false,"browserConnectionEnabled":false,"cssSelectorsEnabled":true,"webStorageEnabled":false,"rotatable":false,"acceptSslCerts":false,"nativeEvents":true,"proxy":{"proxyType":"direct"}}
[INFO  - 2014-10-01T11:18:46.531Z] SessionManagerReqHand - _postNewSessionCommand - New Session Created: b5e1f1e0-495c-11e4-a13d-a9c65e46e6d4
